<?xml version="1.0" encoding="UTF-8"?>
<!-- Generated by org.testng.reporters.JUnitReportReporter -->
<testsuite hostname="Karthik" failures="0" tests="2" name="Testcases.Tc_05_Search_Flightpage" time="23.487" errors="0" timestamp="2024-01-10T23:44:13 IST" skipped="0">
  <testcase classname="Testcases.Tc_05_Search_Flightpage" name="oneway_trip" time="11.087"/>
  <testcase classname="Testcases.Tc_05_Search_Flightpage" name="round_trip" time="12.400"/>
</testsuite> <!-- Testcases.Tc_05_Search_Flightpage -->
