<?xml version="1.0" encoding="UTF-8"?>
<!-- Generated by org.testng.reporters.JUnitReportReporter -->
<testsuite hostname="Karthik" failures="0" tests="3" name="Testcases.Tc_08_Verify_menuitems" time="28.936" errors="0" timestamp="2024-01-10T22:47:26 IST" skipped="0">
  <testcase classname="Testcases.Tc_08_Verify_menuitems" name="checkinmenu_verify" time="13.412"/>
  <testcase classname="Testcases.Tc_08_Verify_menuitems" name="Flightstatusmenu_verify" time="8.122"/>
  <testcase classname="Testcases.Tc_08_Verify_menuitems" name="ManageBookingmenu_verify" time="7.402"/>
</testsuite> <!-- Testcases.Tc_08_Verify_menuitems -->
