<?xml version="1.0" encoding="UTF-8"?>
<!-- Generated by org.testng.reporters.JUnitReportReporter -->
<testsuite hostname="Karthik" failures="0" tests="2" name="Testcases.Tc_04_Search_Flightpage" time="22.451" errors="0" timestamp="2024-01-10T22:47:26 IST" skipped="0">
  <testcase classname="Testcases.Tc_04_Search_Flightpage" name="oneway_trip" time="8.401"/>
  <testcase classname="Testcases.Tc_04_Search_Flightpage" name="round_trip" time="14.050"/>
</testsuite> <!-- Testcases.Tc_04_Search_Flightpage -->
