<?xml version="1.0" encoding="UTF-8"?>
<!-- Generated by org.testng.reporters.JUnitReportReporter -->
<testsuite hostname="Karthik" failures="0" tests="1" name="Testcases.Tc_06_Bookingformpage" time="39.671" errors="0" timestamp="2024-01-10T22:47:26 IST" skipped="0">
  <testcase classname="Testcases.Tc_06_Bookingformpage" name="Bookingpage" time="39.671"/>
</testsuite> <!-- Testcases.Tc_06_Bookingformpage -->
