<?xml version="1.0" encoding="UTF-8"?>
<!-- Generated by org.testng.reporters.JUnitReportReporter -->
<testsuite hostname="Karthik" failures="0" tests="3" name="Testcases.Tc_09_Verify_menuitems" time="21.357" errors="0" timestamp="2024-01-23T15:30:48 IST" skipped="0">
  <testcase classname="Testcases.Tc_09_Verify_menuitems" name="ManageBookingmenu_verify" time="7.943"/>
  <testcase classname="Testcases.Tc_09_Verify_menuitems" name="Flightstatusmenu_verify" time="6.100"/>
  <testcase classname="Testcases.Tc_09_Verify_menuitems" name="checkinmenu_verify" time="7.314"/>
</testsuite> <!-- Testcases.Tc_09_Verify_menuitems -->
