<?xml version="1.0" encoding="UTF-8"?>
<!-- Generated by org.testng.reporters.JUnitReportReporter -->
<testsuite hostname="Karthik" failures="0" tests="1" name="Testcases.Tc_Navigate_to_Homepage" time="5.959" errors="0" timestamp="2024-01-10T18:26:38 IST" skipped="0">
  <testcase classname="Testcases.Tc_Navigate_to_Homepage" name="Homepgae_verify" time="5.959"/>
</testsuite> <!-- Testcases.Tc_Navigate_to_Homepage -->
