<?xml version="1.0" encoding="UTF-8"?>
<!-- Generated by org.testng.reporters.JUnitReportReporter -->
<testsuite hostname="Karthik" failures="0" tests="1" name="Testcases.Tc_07_Bookingformpage" time="42.984" errors="0" timestamp="2024-01-23T15:30:48 IST" skipped="0">
  <testcase classname="Testcases.Tc_07_Bookingformpage" name="Bookingpage" time="42.984"/>
</testsuite> <!-- Testcases.Tc_07_Bookingformpage -->
