<?xml version="1.0" encoding="UTF-8"?>
<!-- Generated by org.testng.reporters.JUnitReportReporter -->
<testsuite hostname="Karthik" failures="0" tests="4" name="Testcases.Tc_03_Loginpage_Mobno" time="57.863" errors="0" timestamp="2024-01-10T23:44:13 IST" skipped="0">
  <testcase classname="Testcases.Tc_03_Loginpage_Mobno" name="Login_using_mobile" time="13.873"/>
  <testcase classname="Testcases.Tc_03_Loginpage_Mobno" name="Login_using_mobile" time="15.782"/>
  <testcase classname="Testcases.Tc_03_Loginpage_Mobno" name="Login_using_mobile" time="14.152"/>
  <testcase classname="Testcases.Tc_03_Loginpage_Mobno" name="Login_using_mobile" time="14.056"/>
</testsuite> <!-- Testcases.Tc_03_Loginpage_Mobno -->
