<?xml version="1.0" encoding="UTF-8"?>
<!-- Generated by org.testng.reporters.JUnitReportReporter -->
<testsuite hostname="Karthik" failures="0" tests="3" name="Testcases.Tc_Verify_menuitems" time="31.828" errors="0" timestamp="2024-01-10T18:26:38 IST" skipped="0">
  <testcase classname="Testcases.Tc_Verify_menuitems" name="ManageBookingmenu_verify" time="5.526"/>
  <testcase classname="Testcases.Tc_Verify_menuitems" name="checkinmenu_verify" time="20.968"/>
  <testcase classname="Testcases.Tc_Verify_menuitems" name="Flightstatusmenu_verify" time="5.334"/>
</testsuite> <!-- Testcases.Tc_Verify_menuitems -->
