<?xml version="1.0" encoding="UTF-8"?>
<!-- Generated by org.testng.reporters.JUnitReportReporter -->
<testsuite hostname="Karthik" failures="0" tests="1" name="Testcases.Tc_Homepage" time="13.850" errors="0" timestamp="2024-01-02T13:49:24 IST" skipped="0">
  <testcase classname="Testcases.Tc_Homepage" name="Signup" time="13.850"/>
</testsuite> <!-- Testcases.Tc_Homepage -->
