<?xml version="1.0" encoding="UTF-8"?>
<!-- Generated by org.testng.reporters.JUnitReportReporter -->
<testsuite hostname="Karthik" failures="0" tests="2" name="Testcases.Tc_05_Search_Flightpage" time="29.774" errors="0" timestamp="2024-01-23T15:30:48 IST" skipped="0">
  <testcase classname="Testcases.Tc_05_Search_Flightpage" name="oneway_trip" time="14.934"/>
  <testcase classname="Testcases.Tc_05_Search_Flightpage" name="round_trip" time="14.840"/>
</testsuite> <!-- Testcases.Tc_05_Search_Flightpage -->
