<?xml version="1.0" encoding="UTF-8"?>
<!-- Generated by org.testng.reporters.JUnitReportReporter -->
<testsuite hostname="Karthik" failures="0" tests="1" name="Testcases.Tc_02_Signuppage" time="27.931" errors="0" timestamp="2024-01-23T17:18:37 IST" skipped="0">
  <testcase classname="Testcases.Tc_02_Signuppage" name="Signup" time="27.931"/>
</testsuite> <!-- Testcases.Tc_02_Signuppage -->
