<?xml version="1.0" encoding="UTF-8"?>
<!-- Generated by org.testng.reporters.JUnitReportReporter -->
<testsuite hostname="Karthik" failures="0" tests="1" name="Testcases.Tc_Select_Flightpage" time="16.265" errors="0" timestamp="2024-01-10T18:26:38 IST" skipped="0">
  <testcase classname="Testcases.Tc_Select_Flightpage" name="Signup" time="16.265"/>
</testsuite> <!-- Testcases.Tc_Select_Flightpage -->
