<?xml version="1.0" encoding="UTF-8"?>
<!-- Generated by org.testng.reporters.JUnitReportReporter -->
<testsuite hostname="Karthik" failures="0" tests="2" name="Testcases.Tc_05_Search_Flightpage" time="24.586" errors="0" timestamp="2024-01-23T15:39:47 IST" skipped="0">
  <testcase classname="Testcases.Tc_05_Search_Flightpage" name="oneway_trip" time="4.076"/>
  <testcase classname="Testcases.Tc_05_Search_Flightpage" name="round_trip" time="20.510"/>
</testsuite> <!-- Testcases.Tc_05_Search_Flightpage -->
