<?xml version="1.0" encoding="UTF-8"?>
<!-- Generated by org.testng.reporters.JUnitReportReporter -->
<testsuite hostname="Karthik" failures="0" tests="3" name="Testcases.Tc_09_Verify_menuitems" time="20.765" errors="0" timestamp="2024-01-23T17:33:49 IST" skipped="0">
  <testcase classname="Testcases.Tc_09_Verify_menuitems" name="Flightstatusmenu_verify" time="6.298"/>
  <testcase classname="Testcases.Tc_09_Verify_menuitems" name="ManageBookingmenu_verify" time="7.235"/>
  <testcase classname="Testcases.Tc_09_Verify_menuitems" name="checkinmenu_verify" time="7.232"/>
</testsuite> <!-- Testcases.Tc_09_Verify_menuitems -->
