<?xml version="1.0" encoding="UTF-8"?>
<!-- Generated by org.testng.reporters.JUnitReportReporter -->
<testsuite hostname="Karthik" failures="0" tests="1" name="Testcases.Tc_06_Select_Flightpage" time="19.375" errors="0" timestamp="2024-01-10T23:56:15 IST" skipped="0">
  <testcase classname="Testcases.Tc_06_Select_Flightpage" name="SelectFlight" time="19.375"/>
</testsuite> <!-- Testcases.Tc_06_Select_Flightpage -->
