<?xml version="1.0" encoding="UTF-8"?>
<!-- Generated by org.testng.reporters.JUnitReportReporter -->
<testsuite hostname="Karthik" failures="0" tests="1" name="Testcases.Tc_01_Navigate_to_Homepage" time="6.857" errors="0" timestamp="2024-01-23T17:33:49 IST" skipped="0">
  <testcase classname="Testcases.Tc_01_Navigate_to_Homepage" name="Homepgae_verify" time="6.857"/>
</testsuite> <!-- Testcases.Tc_01_Navigate_to_Homepage -->
