<?xml version="1.0" encoding="UTF-8"?>
<!-- Generated by org.testng.reporters.JUnitReportReporter -->
<testsuite hostname="Karthik" failures="0" tests="3" name="Testcases.Tc_09_Verify_menuitems" time="22.679" errors="0" timestamp="2024-01-23T15:39:47 IST" skipped="0">
  <testcase classname="Testcases.Tc_09_Verify_menuitems" name="checkinmenu_verify" time="7.625"/>
  <testcase classname="Testcases.Tc_09_Verify_menuitems" name="Flightstatusmenu_verify" time="7.705"/>
  <testcase classname="Testcases.Tc_09_Verify_menuitems" name="ManageBookingmenu_verify" time="7.349"/>
</testsuite> <!-- Testcases.Tc_09_Verify_menuitems -->
