<?xml version="1.0" encoding="UTF-8"?>
<!-- Generated by org.testng.reporters.JUnitReportReporter -->
<testsuite hostname="Karthik" failures="0" tests="1" name="Testcases.Tc_08_Paymentpage" time="29.345" errors="0" timestamp="2024-01-23T15:39:47 IST" skipped="0">
  <testcase classname="Testcases.Tc_08_Paymentpage" name="Paymentpage" time="29.345"/>
</testsuite> <!-- Testcases.Tc_08_Paymentpage -->
