<?xml version="1.0" encoding="UTF-8"?>
<!-- Generated by org.testng.reporters.JUnitReportReporter -->
<testsuite hostname="Karthik" failures="0" tests="2" name="Testcases.Tc_05_Search_Flightpage" time="22.392" errors="0" timestamp="2024-01-10T23:56:15 IST" skipped="0">
  <testcase classname="Testcases.Tc_05_Search_Flightpage" name="oneway_trip" time="11.383"/>
  <testcase classname="Testcases.Tc_05_Search_Flightpage" name="round_trip" time="11.009"/>
</testsuite> <!-- Testcases.Tc_05_Search_Flightpage -->
