<?xml version="1.0" encoding="UTF-8"?>
<!-- Generated by org.testng.reporters.JUnitReportReporter -->
<testsuite hostname="Karthik" failures="0" tests="1" name="Testcases.Tc_07_Bookingformpage" time="32.049" errors="0" timestamp="2024-01-23T17:33:49 IST" skipped="0">
  <testcase classname="Testcases.Tc_07_Bookingformpage" name="Bookingpage" time="32.049"/>
</testsuite> <!-- Testcases.Tc_07_Bookingformpage -->
