<?xml version="1.0" encoding="UTF-8"?>
<!-- Generated by org.testng.reporters.JUnitReportReporter -->
<testsuite hostname="Karthik" failures="0" tests="4" name="Testcases.Tc_03_Loginpage_Mobno" time="51.531" errors="0" timestamp="2024-01-23T17:33:49 IST" skipped="0">
  <testcase classname="Testcases.Tc_03_Loginpage_Mobno" name="Login_using_mobile" time="13.492"/>
  <testcase classname="Testcases.Tc_03_Loginpage_Mobno" name="Login_using_mobile" time="13.466"/>
  <testcase classname="Testcases.Tc_03_Loginpage_Mobno" name="Login_using_mobile" time="12.413"/>
  <testcase classname="Testcases.Tc_03_Loginpage_Mobno" name="Login_using_mobile" time="12.160"/>
</testsuite> <!-- Testcases.Tc_03_Loginpage_Mobno -->
