<?xml version="1.0" encoding="UTF-8"?>
<!-- Generated by org.testng.reporters.JUnitReportReporter -->
<testsuite hostname="Karthik" failures="0" tests="1" name="Testcases.Tc_04_Loginpage_email" time="12.879" errors="0" timestamp="2024-01-23T17:33:49 IST" skipped="0">
  <testcase classname="Testcases.Tc_04_Loginpage_email" name="Login_using_email" time="12.879"/>
</testsuite> <!-- Testcases.Tc_04_Loginpage_email -->
