<?xml version="1.0" encoding="UTF-8"?>
<!-- Generated by org.testng.reporters.JUnitReportReporter -->
<testsuite hostname="Karthik" failures="0" tests="3" name="Testcases.Tc_09_Verify_menuitems" time="27.794" errors="0" timestamp="2024-01-10T23:56:15 IST" skipped="0">
  <testcase classname="Testcases.Tc_09_Verify_menuitems" name="ManageBookingmenu_verify" time="10.406"/>
  <testcase classname="Testcases.Tc_09_Verify_menuitems" name="checkinmenu_verify" time="7.332"/>
  <testcase classname="Testcases.Tc_09_Verify_menuitems" name="Flightstatusmenu_verify" time="10.056"/>
</testsuite> <!-- Testcases.Tc_09_Verify_menuitems -->
